<?xml version="1.0" encoding="UTF-8"?>
<testsuite xmlns:xsi="http://www.w3.org/2001/XMLSchema-instance" xsi:noNamespaceSchemaLocation="https://maven.apache.org/surefire/maven-surefire-plugin/xsd/surefire-test-report-3.0.xsd" version="3.0" name="com.automation.runner.CucumberRunnerTest" time="79.203" tests="0" errors="0" skipped="0" failures="0">
  <properties>
    <property name="java.specification.version" value="20"/>
    <property name="webdriver.chrome.driver" value="/Users/nivethakumaresan/.cache/selenium/chromedriver/mac64/112.0.5615.49/chromedriver"/>
    <property name="sun.jnu.encoding" value="UTF-8"/>
    <property name="java.class.path" value="/Users/nivethakumaresan/Desktop/Westpac 1/buggycarbdd_beta-main/target/test-classes:/Users/nivethakumaresan/Desktop/Westpac 1/buggycarbdd_beta-main/target/classes:/Users/nivethakumaresan/.m2/repository/org/seleniumhq/selenium/selenium-java/3.141.59/selenium-java-3.141.59.jar:/Users/nivethakumaresan/.m2/repository/org/seleniumhq/selenium/selenium-api/3.141.59/selenium-api-3.141.59.jar:/Users/nivethakumaresan/.m2/repository/org/seleniumhq/selenium/selenium-chrome-driver/3.141.59/selenium-chrome-driver-3.141.59.jar:/Users/nivethakumaresan/.m2/repository/org/seleniumhq/selenium/selenium-edge-driver/3.141.59/selenium-edge-driver-3.141.59.jar:/Users/nivethakumaresan/.m2/repository/org/seleniumhq/selenium/selenium-firefox-driver/3.141.59/selenium-firefox-driver-3.141.59.jar:/Users/nivethakumaresan/.m2/repository/org/seleniumhq/selenium/selenium-ie-driver/3.141.59/selenium-ie-driver-3.141.59.jar:/Users/nivethakumaresan/.m2/repository/org/seleniumhq/selenium/selenium-opera-driver/3.141.59/selenium-opera-driver-3.141.59.jar:/Users/nivethakumaresan/.m2/repository/org/seleniumhq/selenium/selenium-remote-driver/3.141.59/selenium-remote-driver-3.141.59.jar:/Users/nivethakumaresan/.m2/repository/org/seleniumhq/selenium/selenium-safari-driver/3.141.59/selenium-safari-driver-3.141.59.jar:/Users/nivethakumaresan/.m2/repository/org/seleniumhq/selenium/selenium-support/3.141.59/selenium-support-3.141.59.jar:/Users/nivethakumaresan/.m2/repository/net/bytebuddy/byte-buddy/1.8.15/byte-buddy-1.8.15.jar:/Users/nivethakumaresan/.m2/repository/org/apache/commons/commons-exec/1.3/commons-exec-1.3.jar:/Users/nivethakumaresan/.m2/repository/com/google/guava/guava/25.0-jre/guava-25.0-jre.jar:/Users/nivethakumaresan/.m2/repository/com/google/code/findbugs/jsr305/1.3.9/jsr305-1.3.9.jar:/Users/nivethakumaresan/.m2/repository/org/checkerframework/checker-compat-qual/2.0.0/checker-compat-qual-2.0.0.jar:/Users/nivethakumaresan/.m2/repository/com/google/errorprone/error_prone_annotations/2.1.3/error_prone_annotations-2.1.3.jar:/Users/nivethakumaresan/.m2/repository/com/google/j2objc/j2objc-annotations/1.1/j2objc-annotations-1.1.jar:/Users/nivethakumaresan/.m2/repository/org/codehaus/mojo/animal-sniffer-annotations/1.14/animal-sniffer-annotations-1.14.jar:/Users/nivethakumaresan/.m2/repository/com/squareup/okhttp3/okhttp/3.11.0/okhttp-3.11.0.jar:/Users/nivethakumaresan/.m2/repository/com/squareup/okio/okio/1.14.0/okio-1.14.0.jar:/Users/nivethakumaresan/.m2/repository/org/seleniumhq/selenium/selenium-server/3.141.59/selenium-server-3.141.59.jar:/Users/nivethakumaresan/.m2/repository/com/beust/jcommander/1.72/jcommander-1.72.jar:/Users/nivethakumaresan/.m2/repository/net/jcip/jcip-annotations/1.0/jcip-annotations-1.0.jar:/Users/nivethakumaresan/.m2/repository/org/seleniumhq/selenium/jetty-repacked/9.4.12.v20180830/jetty-repacked-9.4.12.v20180830.jar:/Users/nivethakumaresan/.m2/repository/javax/servlet/javax.servlet-api/3.1.0/javax.servlet-api-3.1.0.jar:/Users/nivethakumaresan/.m2/repository/org/yaml/snakeyaml/1.19/snakeyaml-1.19.jar:/Users/nivethakumaresan/.m2/repository/org/testng/testng/7.1.0/testng-7.1.0.jar:/Users/nivethakumaresan/.m2/repository/com/google/inject/guice/4.1.0/guice-4.1.0-no_aop.jar:/Users/nivethakumaresan/.m2/repository/javax/inject/javax.inject/1/javax.inject-1.jar:/Users/nivethakumaresan/.m2/repository/aopalliance/aopalliance/1.0/aopalliance-1.0.jar:/Users/nivethakumaresan/.m2/repository/com/aventstack/extentreports/4.0.8/extentreports-4.0.8.jar:/Users/nivethakumaresan/.m2/repository/org/freemarker/freemarker/2.3.23/freemarker-2.3.23.jar:/Users/nivethakumaresan/.m2/repository/org/mongodb/mongodb-driver/3.3.0/mongodb-driver-3.3.0.jar:/Users/nivethakumaresan/.m2/repository/org/mongodb/mongodb-driver-core/3.3.0/mongodb-driver-core-3.3.0.jar:/Users/nivethakumaresan/.m2/repository/org/mongodb/bson/3.3.0/bson-3.3.0.jar:/Users/nivethakumaresan/.m2/repository/org/apache/httpcomponents/httpclient/4.5.2/httpclient-4.5.2.jar:/Users/nivethakumaresan/.m2/repository/org/apache/httpcomponents/httpcore/4.4.4/httpcore-4.4.4.jar:/Users/nivethakumaresan/.m2/repository/commons-logging/commons-logging/1.2/commons-logging-1.2.jar:/Users/nivethakumaresan/.m2/repository/commons-codec/commons-codec/1.9/commons-codec-1.9.jar:/Users/nivethakumaresan/.m2/repository/org/apache/httpcomponents/httpmime/4.5.2/httpmime-4.5.2.jar:/Users/nivethakumaresan/.m2/repository/com/google/code/gson/gson/2.8.5/gson-2.8.5.jar:/Users/nivethakumaresan/.m2/repository/com/aventstack/extentreports-testng-adapter/1.0.3/extentreports-testng-adapter-1.0.3.jar:/Users/nivethakumaresan/.m2/repository/io/github/bonigarcia/webdrivermanager/4.2.0/webdrivermanager-4.2.0.jar:/Users/nivethakumaresan/.m2/repository/org/slf4j/slf4j-api/1.7.30/slf4j-api-1.7.30.jar:/Users/nivethakumaresan/.m2/repository/commons-io/commons-io/2.7/commons-io-2.7.jar:/Users/nivethakumaresan/.m2/repository/org/apache/commons/commons-lang3/3.11/commons-lang3-3.11.jar:/Users/nivethakumaresan/.m2/repository/org/apache/httpcomponents/client5/httpclient5/5.0.1/httpclient5-5.0.1.jar:/Users/nivethakumaresan/.m2/repository/org/apache/httpcomponents/core5/httpcore5/5.0.1/httpcore5-5.0.1.jar:/Users/nivethakumaresan/.m2/repository/org/apache/httpcomponents/core5/httpcore5-h2/5.0.1/httpcore5-h2-5.0.1.jar:/Users/nivethakumaresan/.m2/repository/org/rauschig/jarchivelib/1.0.0/jarchivelib-1.0.0.jar:/Users/nivethakumaresan/.m2/repository/org/apache/commons/commons-compress/1.18/commons-compress-1.18.jar:/Users/nivethakumaresan/.m2/repository/org/jsoup/jsoup/1.13.1/jsoup-1.13.1.jar:/Users/nivethakumaresan/.m2/repository/io/cucumber/cucumber-core/5.7.0/cucumber-core-5.7.0.jar:/Users/nivethakumaresan/.m2/repository/io/cucumber/cucumber-gherkin/5.7.0/cucumber-gherkin-5.7.0.jar:/Users/nivethakumaresan/.m2/repository/io/cucumber/cucumber-gherkin-vintage/5.7.0/cucumber-gherkin-vintage-5.7.0.jar:/Users/nivethakumaresan/.m2/repository/io/cucumber/tag-expressions/2.0.4/tag-expressions-2.0.4.jar:/Users/nivethakumaresan/.m2/repository/io/cucumber/cucumber-expressions/8.3.1/cucumber-expressions-8.3.1.jar:/Users/nivethakumaresan/.m2/repository/io/cucumber/datatable/3.3.1/datatable-3.3.1.jar:/Users/nivethakumaresan/.m2/repository/io/cucumber/cucumber-plugin/5.7.0/cucumber-plugin-5.7.0.jar:/Users/nivethakumaresan/.m2/repository/io/cucumber/docstring/5.7.0/docstring-5.7.0.jar:/Users/nivethakumaresan/.m2/repository/org/apiguardian/apiguardian-api/1.1.0/apiguardian-api-1.1.0.jar:/Users/nivethakumaresan/.m2/repository/io/cucumber/cucumber-java/5.7.0/cucumber-java-5.7.0.jar:/Users/nivethakumaresan/.m2/repository/io/cucumber/cucumber-junit/5.7.0/cucumber-junit-5.7.0.jar:/Users/nivethakumaresan/.m2/repository/junit/junit/4.13/junit-4.13.jar:/Users/nivethakumaresan/.m2/repository/org/hamcrest/hamcrest-core/1.3/hamcrest-core-1.3.jar:/Users/nivethakumaresan/.m2/repository/org/apache/logging/log4j/log4j-core/2.13.3/log4j-core-2.13.3.jar:/Users/nivethakumaresan/.m2/repository/org/apache/logging/log4j/log4j-api/2.13.3/log4j-api-2.13.3.jar:"/>
    <property name="java.vm.vendor" value="Homebrew"/>
    <property name="sun.arch.data.model" value="64"/>
    <property name="java.vendor.url" value="https://github.com/Homebrew/homebrew-core/issues"/>
    <property name="user.timezone" value="Pacific/Auckland"/>
    <property name="os.name" value="Mac OS X"/>
    <property name="java.vm.specification.version" value="20"/>
    <property name="sun.java.launcher" value="SUN_STANDARD"/>
    <property name="user.country" value="IN"/>
    <property name="sun.boot.library.path" value="/opt/homebrew/Cellar/openjdk/20.0.1/libexec/openjdk.jdk/Contents/Home/lib"/>
    <property name="sun.java.command" value="/Users/nivethakumaresan/Desktop/Westpac 1/buggycarbdd_beta-main/target/surefire/surefirebooter6467265246789533864.jar /Users/nivethakumaresan/Desktop/Westpac 1/buggycarbdd_beta-main/target/surefire 2023-05-07T20-58-07_468-jvmRun1 surefire12242595181663294422tmp surefire_014044686723525089917tmp"/>
    <property name="http.nonProxyHosts" value="local|*.local|169.254/16|*.169.254/16"/>
    <property name="jdk.debug" value="release"/>
    <property name="surefire.test.class.path" value="/Users/nivethakumaresan/Desktop/Westpac 1/buggycarbdd_beta-main/target/test-classes:/Users/nivethakumaresan/Desktop/Westpac 1/buggycarbdd_beta-main/target/classes:/Users/nivethakumaresan/.m2/repository/org/seleniumhq/selenium/selenium-java/3.141.59/selenium-java-3.141.59.jar:/Users/nivethakumaresan/.m2/repository/org/seleniumhq/selenium/selenium-api/3.141.59/selenium-api-3.141.59.jar:/Users/nivethakumaresan/.m2/repository/org/seleniumhq/selenium/selenium-chrome-driver/3.141.59/selenium-chrome-driver-3.141.59.jar:/Users/nivethakumaresan/.m2/repository/org/seleniumhq/selenium/selenium-edge-driver/3.141.59/selenium-edge-driver-3.141.59.jar:/Users/nivethakumaresan/.m2/repository/org/seleniumhq/selenium/selenium-firefox-driver/3.141.59/selenium-firefox-driver-3.141.59.jar:/Users/nivethakumaresan/.m2/repository/org/seleniumhq/selenium/selenium-ie-driver/3.141.59/selenium-ie-driver-3.141.59.jar:/Users/nivethakumaresan/.m2/repository/org/seleniumhq/selenium/selenium-opera-driver/3.141.59/selenium-opera-driver-3.141.59.jar:/Users/nivethakumaresan/.m2/repository/org/seleniumhq/selenium/selenium-remote-driver/3.141.59/selenium-remote-driver-3.141.59.jar:/Users/nivethakumaresan/.m2/repository/org/seleniumhq/selenium/selenium-safari-driver/3.141.59/selenium-safari-driver-3.141.59.jar:/Users/nivethakumaresan/.m2/repository/org/seleniumhq/selenium/selenium-support/3.141.59/selenium-support-3.141.59.jar:/Users/nivethakumaresan/.m2/repository/net/bytebuddy/byte-buddy/1.8.15/byte-buddy-1.8.15.jar:/Users/nivethakumaresan/.m2/repository/org/apache/commons/commons-exec/1.3/commons-exec-1.3.jar:/Users/nivethakumaresan/.m2/repository/com/google/guava/guava/25.0-jre/guava-25.0-jre.jar:/Users/nivethakumaresan/.m2/repository/com/google/code/findbugs/jsr305/1.3.9/jsr305-1.3.9.jar:/Users/nivethakumaresan/.m2/repository/org/checkerframework/checker-compat-qual/2.0.0/checker-compat-qual-2.0.0.jar:/Users/nivethakumaresan/.m2/repository/com/google/errorprone/error_prone_annotations/2.1.3/error_prone_annotations-2.1.3.jar:/Users/nivethakumaresan/.m2/repository/com/google/j2objc/j2objc-annotations/1.1/j2objc-annotations-1.1.jar:/Users/nivethakumaresan/.m2/repository/org/codehaus/mojo/animal-sniffer-annotations/1.14/animal-sniffer-annotations-1.14.jar:/Users/nivethakumaresan/.m2/repository/com/squareup/okhttp3/okhttp/3.11.0/okhttp-3.11.0.jar:/Users/nivethakumaresan/.m2/repository/com/squareup/okio/okio/1.14.0/okio-1.14.0.jar:/Users/nivethakumaresan/.m2/repository/org/seleniumhq/selenium/selenium-server/3.141.59/selenium-server-3.141.59.jar:/Users/nivethakumaresan/.m2/repository/com/beust/jcommander/1.72/jcommander-1.72.jar:/Users/nivethakumaresan/.m2/repository/net/jcip/jcip-annotations/1.0/jcip-annotations-1.0.jar:/Users/nivethakumaresan/.m2/repository/org/seleniumhq/selenium/jetty-repacked/9.4.12.v20180830/jetty-repacked-9.4.12.v20180830.jar:/Users/nivethakumaresan/.m2/repository/javax/servlet/javax.servlet-api/3.1.0/javax.servlet-api-3.1.0.jar:/Users/nivethakumaresan/.m2/repository/org/yaml/snakeyaml/1.19/snakeyaml-1.19.jar:/Users/nivethakumaresan/.m2/repository/org/testng/testng/7.1.0/testng-7.1.0.jar:/Users/nivethakumaresan/.m2/repository/com/google/inject/guice/4.1.0/guice-4.1.0-no_aop.jar:/Users/nivethakumaresan/.m2/repository/javax/inject/javax.inject/1/javax.inject-1.jar:/Users/nivethakumaresan/.m2/repository/aopalliance/aopalliance/1.0/aopalliance-1.0.jar:/Users/nivethakumaresan/.m2/repository/com/aventstack/extentreports/4.0.8/extentreports-4.0.8.jar:/Users/nivethakumaresan/.m2/repository/org/freemarker/freemarker/2.3.23/freemarker-2.3.23.jar:/Users/nivethakumaresan/.m2/repository/org/mongodb/mongodb-driver/3.3.0/mongodb-driver-3.3.0.jar:/Users/nivethakumaresan/.m2/repository/org/mongodb/mongodb-driver-core/3.3.0/mongodb-driver-core-3.3.0.jar:/Users/nivethakumaresan/.m2/repository/org/mongodb/bson/3.3.0/bson-3.3.0.jar:/Users/nivethakumaresan/.m2/repository/org/apache/httpcomponents/httpclient/4.5.2/httpclient-4.5.2.jar:/Users/nivethakumaresan/.m2/repository/org/apache/httpcomponents/httpcore/4.4.4/httpcore-4.4.4.jar:/Users/nivethakumaresan/.m2/repository/commons-logging/commons-logging/1.2/commons-logging-1.2.jar:/Users/nivethakumaresan/.m2/repository/commons-codec/commons-codec/1.9/commons-codec-1.9.jar:/Users/nivethakumaresan/.m2/repository/org/apache/httpcomponents/httpmime/4.5.2/httpmime-4.5.2.jar:/Users/nivethakumaresan/.m2/repository/com/google/code/gson/gson/2.8.5/gson-2.8.5.jar:/Users/nivethakumaresan/.m2/repository/com/aventstack/extentreports-testng-adapter/1.0.3/extentreports-testng-adapter-1.0.3.jar:/Users/nivethakumaresan/.m2/repository/io/github/bonigarcia/webdrivermanager/4.2.0/webdrivermanager-4.2.0.jar:/Users/nivethakumaresan/.m2/repository/org/slf4j/slf4j-api/1.7.30/slf4j-api-1.7.30.jar:/Users/nivethakumaresan/.m2/repository/commons-io/commons-io/2.7/commons-io-2.7.jar:/Users/nivethakumaresan/.m2/repository/org/apache/commons/commons-lang3/3.11/commons-lang3-3.11.jar:/Users/nivethakumaresan/.m2/repository/org/apache/httpcomponents/client5/httpclient5/5.0.1/httpclient5-5.0.1.jar:/Users/nivethakumaresan/.m2/repository/org/apache/httpcomponents/core5/httpcore5/5.0.1/httpcore5-5.0.1.jar:/Users/nivethakumaresan/.m2/repository/org/apache/httpcomponents/core5/httpcore5-h2/5.0.1/httpcore5-h2-5.0.1.jar:/Users/nivethakumaresan/.m2/repository/org/rauschig/jarchivelib/1.0.0/jarchivelib-1.0.0.jar:/Users/nivethakumaresan/.m2/repository/org/apache/commons/commons-compress/1.18/commons-compress-1.18.jar:/Users/nivethakumaresan/.m2/repository/org/jsoup/jsoup/1.13.1/jsoup-1.13.1.jar:/Users/nivethakumaresan/.m2/repository/io/cucumber/cucumber-core/5.7.0/cucumber-core-5.7.0.jar:/Users/nivethakumaresan/.m2/repository/io/cucumber/cucumber-gherkin/5.7.0/cucumber-gherkin-5.7.0.jar:/Users/nivethakumaresan/.m2/repository/io/cucumber/cucumber-gherkin-vintage/5.7.0/cucumber-gherkin-vintage-5.7.0.jar:/Users/nivethakumaresan/.m2/repository/io/cucumber/tag-expressions/2.0.4/tag-expressions-2.0.4.jar:/Users/nivethakumaresan/.m2/repository/io/cucumber/cucumber-expressions/8.3.1/cucumber-expressions-8.3.1.jar:/Users/nivethakumaresan/.m2/repository/io/cucumber/datatable/3.3.1/datatable-3.3.1.jar:/Users/nivethakumaresan/.m2/repository/io/cucumber/cucumber-plugin/5.7.0/cucumber-plugin-5.7.0.jar:/Users/nivethakumaresan/.m2/repository/io/cucumber/docstring/5.7.0/docstring-5.7.0.jar:/Users/nivethakumaresan/.m2/repository/org/apiguardian/apiguardian-api/1.1.0/apiguardian-api-1.1.0.jar:/Users/nivethakumaresan/.m2/repository/io/cucumber/cucumber-java/5.7.0/cucumber-java-5.7.0.jar:/Users/nivethakumaresan/.m2/repository/io/cucumber/cucumber-junit/5.7.0/cucumber-junit-5.7.0.jar:/Users/nivethakumaresan/.m2/repository/junit/junit/4.13/junit-4.13.jar:/Users/nivethakumaresan/.m2/repository/org/hamcrest/hamcrest-core/1.3/hamcrest-core-1.3.jar:/Users/nivethakumaresan/.m2/repository/org/apache/logging/log4j/log4j-core/2.13.3/log4j-core-2.13.3.jar:/Users/nivethakumaresan/.m2/repository/org/apache/logging/log4j/log4j-api/2.13.3/log4j-api-2.13.3.jar:"/>
    <property name="sun.cpu.endian" value="little"/>
    <property name="user.home" value="/Users/nivethakumaresan"/>
    <property name="user.language" value="en"/>
    <property name="java.specification.vendor" value="Oracle Corporation"/>
    <property name="java.version.date" value="2023-04-18"/>
    <property name="java.home" value="/opt/homebrew/Cellar/openjdk/20.0.1/libexec/openjdk.jdk/Contents/Home"/>
    <property name="file.separator" value="/"/>
    <property name="basedir" value="/Users/nivethakumaresan/Desktop/Westpac 1/buggycarbdd_beta-main"/>
    <property name="java.vm.compressedOopsMode" value="Zero based"/>
    <property name="line.separator" value="&#10;"/>
    <property name="java.vm.specification.vendor" value="Oracle Corporation"/>
    <property name="java.specification.name" value="Java Platform API Specification"/>
    <property name="apple.awt.application.name" value="ForkedBooter"/>
    <property name="surefire.real.class.path" value="/Users/nivethakumaresan/Desktop/Westpac 1/buggycarbdd_beta-main/target/surefire/surefirebooter6467265246789533864.jar"/>
    <property name="sun.management.compiler" value="HotSpot 64-Bit Tiered Compilers"/>
    <property name="ftp.nonProxyHosts" value="local|*.local|169.254/16|*.169.254/16"/>
    <property name="java.runtime.version" value="20.0.1"/>
    <property name="user.name" value="nivethakumaresan"/>
    <property name="stdout.encoding" value="UTF-8"/>
    <property name="path.separator" value=":"/>
    <property name="os.version" value="12.2.1"/>
    <property name="java.runtime.name" value="OpenJDK Runtime Environment"/>
    <property name="file.encoding" value="UTF-8"/>
    <property name="java.vm.name" value="OpenJDK 64-Bit Server VM"/>
    <property name="java.vendor.version" value="Homebrew"/>
    <property name="localRepository" value="/Users/nivethakumaresan/.m2/repository"/>
    <property name="java.vendor.url.bug" value="https://github.com/Homebrew/homebrew-core/issues"/>
    <property name="java.io.tmpdir" value="/var/folders/gh/yh_pmnkn4js5fjsy16r2m15c0000gn/T/"/>
    <property name="java.version" value="20.0.1"/>
    <property name="user.dir" value="/Users/nivethakumaresan/Desktop/Westpac 1/buggycarbdd_beta-main"/>
    <property name="os.arch" value="aarch64"/>
    <property name="java.vm.specification.name" value="Java Virtual Machine Specification"/>
    <property name="native.encoding" value="UTF-8"/>
    <property name="java.library.path" value="/Users/nivethakumaresan/Library/Java/Extensions:/Library/Java/Extensions:/Network/Library/Java/Extensions:/System/Library/Java/Extensions:/usr/lib/java:."/>
    <property name="java.vm.info" value="mixed mode, sharing"/>
    <property name="stderr.encoding" value="UTF-8"/>
    <property name="java.vendor" value="Homebrew"/>
    <property name="java.vm.version" value="20.0.1"/>
    <property name="sun.io.unicode.encoding" value="UnicodeBig"/>
    <property name="socksNonProxyHosts" value="local|*.local|169.254/16|*.169.254/16"/>
    <property name="java.class.version" value="64.0"/>
  </properties>
</testsuite>